-------------------------------------------------------------------------------
Name     : Shielded net name
Length   : Shielded net length
Shield   : Total length of shielding wire
ratio    : Average shielding ratio

-------------------------------------------------------------------------------
Name          Length    Shield    Ratio
-------------------------------------------------------------------------------
CTS_144:
               121.7     190.7    0.783
                                         METAL5:        1.8        3.7  1.000
                                         METAL6:      110.7      169.6  0.766
                                         METAL7:        9.2       17.4  0.944
CTS_113:
                17.8      28.3    0.794
                                         METAL2:        0.8        0.0  0.000
                                         METAL3:       17.0       28.3  0.832
CTS_128:
                37.4      59.3    0.794
                                         METAL1:        0.5        0.0  0.000
                                         METAL2:       33.2       54.2  0.816
                                         METAL3:        3.7        5.1  0.695
CTS_132:
                27.2      44.3    0.814
                                         METAL2:       25.8       42.9  0.831
                                         METAL3:        1.4        1.4  0.500
CTS_146:
                 2.8       4.6    0.833
                                         METAL1:        0.5        0.0  0.000
                                         METAL3:        2.3        4.6  1.000
CTS_148:
                 9.7      17.2    0.885
                                         METAL1:        2.8        3.3  0.593
                                         METAL2:        7.0       13.9  1.000
CTS_120:
                24.4      43.4    0.888
                                         METAL2:        0.8        1.6  1.000
                                         METAL3:        9.7       14.4  0.746
                                         METAL4:       13.9       27.3  0.979
CTS_139:
                10.6      19.4    0.913
                                         METAL1:        0.9        0.0  0.000
                                         METAL2:        7.4       14.8  1.000
                                         METAL3:        2.3        4.6  1.000
CTS_129:
                28.2      52.2    0.925
                                         METAL2:        2.9        4.9  0.846
                                         METAL3:       17.9       32.7  0.913
                                         METAL6:        7.4       14.6  0.986
CTS_127:
                 9.8      18.2    0.929
                                         METAL1:        0.5        0.0  0.000
                                         METAL3:        1.8        3.7  1.000
                                         METAL5:        0.9        1.4  0.750
                                         METAL6:        6.6       13.1  1.000
CTS_136:
                31.7      60.3    0.953
                                         METAL2:        0.4        0.0  0.000
                                         METAL3:       27.1       52.1  0.960
                                         METAL4:        4.1        8.2  1.000
CTS_147:
                11.7      22.6    0.965
                                         METAL2:        0.8        0.8  0.500
                                         METAL3:        9.7       19.3  1.000
                                         METAL4:        1.2        2.5  1.000
CTS_135:
                96.7     191.5    0.990
                                         METAL3:        1.4        2.8  1.000
                                         METAL4:        0.8        0.0  0.000
                                         METAL5:        0.9        1.8  1.000
                                         METAL6:       43.5       86.6  0.996
                                         METAL7:       50.1      100.3  1.000
CTS_143:
                62.6     124.6    0.995
                                         METAL5:        0.5        0.9  1.000
                                         METAL6:       11.1       21.5  0.972
                                         METAL7:       51.1      102.1  1.000
CTS_142:
                56.2     112.0    0.996
                                         METAL5:        0.9        1.4  0.750
                                         METAL6:       44.3       88.6  1.000
                                         METAL7:       11.0       22.1  1.000
CTS_117:
               102.1     203.6    0.997
                                         METAL5:        0.9        1.4  0.750
                                         METAL6:       71.8      143.3  0.999
                                         METAL7:       29.4       58.9  1.000
CTS_145:
               145.3     289.7    0.997
                                         METAL3:        0.5        0.0  0.000
                                         METAL4:       25.4       50.8  1.000
                                         METAL6:        1.2        2.5  1.000
                                         METAL7:      118.2      236.4  1.000
CTS_124:
                11.5      23.0    1.000
                                         METAL3:       11.5       23.0  1.000
CTS_116:
                58.9     117.8    1.000
                                         METAL5:        0.9        1.8  1.000
                                         METAL6:       11.1       22.1  1.000
                                         METAL7:       46.9       93.8  1.000
CTS_121:
               116.1     232.2    1.000
                                         METAL5:        0.5        0.9  1.000
                                         METAL6:       54.9      109.9  1.000
                                         METAL7:       60.7      121.4  1.000

average:        49.1      92.7    0.944


