#######################################################################################
# log primitive debug message of FSDB dumping                                         #
# This is for R&D to analyze when there are issues happening when FSDB dump           #
#######################################################################################
ANF: vcsd_get_serial_mode_status('simv: undefined symbol: vcsd_get_serial_mode_status')
ANF: vcsd_enable_sva_success_callback('simv: undefined symbol: vcsd_enable_sva_success_callback')
ANF: vcsd_disable_sva_success_callback('simv: undefined symbol: vcsd_disable_sva_success_callback')
ANF: vcsd_get_power_scope_name('simv: undefined symbol: vcsd_get_power_scope_name')
ANF: vcsd_begin_no_value_var_info('simv: undefined symbol: vcsd_begin_no_value_var_info')
ANF: vcsd_end_no_value_var_info('simv: undefined symbol: vcsd_end_no_value_var_info')
ANF: vcsd_remove_xprop_merge_mode_callback('simv: undefined symbol: vcsd_remove_xprop_merge_mode_callback')
ANF: vhpi_get_cb_info('simv: undefined symbol: vhpi_get_cb_info')
ANF: vhpi_free_handle('simv: undefined symbol: vhpi_free_handle')
ANF: vhpi_fetch_vcsd_handle('simv: undefined symbol: vhpi_fetch_vcsd_handle')
ANF: vhpi_fetch_vpi_handle('simv: undefined symbol: vhpi_fetch_vpi_handle')
ANF: vhpi_has_verilog_parent('simv: undefined symbol: vhpi_has_verilog_parent')
ANF: vhpi_is_verilog_scope('simv: undefined symbol: vhpi_is_verilog_scope')
ANF: scsd_xprop_is_enabled('simv: undefined symbol: scsd_xprop_is_enabled')
ANF: scsd_xprop_sig_is_promoted('simv: undefined symbol: scsd_xprop_sig_is_promoted')
ANF: scsd_xprop_int_xvalue('simv: undefined symbol: scsd_xprop_int_xvalue')
ANF: scsd_xprop_bool_xvalue('simv: undefined symbol: scsd_xprop_bool_xvalue')
ANF: scsd_xprop_enum_xvalue('simv: undefined symbol: scsd_xprop_enum_xvalue')
ANF: scsd_xprop_register_merge_mode_cb('simv: undefined symbol: scsd_xprop_register_merge_mode_cb')
ANF: scsd_xprop_delete_merge_mode_cb('simv: undefined symbol: scsd_xprop_delete_merge_mode_cb')
ANF: scsd_xprop_get_merge_mode('simv: undefined symbol: scsd_xprop_get_merge_mode')
ANF: scsd_thread_get_info('simv: undefined symbol: scsd_thread_get_info')
ANF: scsd_thread_vc_init('simv: undefined symbol: scsd_thread_vc_init')
ANF: scsd_master_set_delta_sync_cbk('simv: undefined symbol: scsd_master_set_delta_sync_cbk')
ANF: scsd_fgp_get_fsdb_cores('simv: undefined symbol: scsd_fgp_get_fsdb_cores')
ANF: scsd_fgp_get_is_cpu_affinity_disabled('simv: undefined symbol: scsd_fgp_get_is_cpu_affinity_disabled')
ANF: vhdi_dt_get_type('simv: undefined symbol: vhdi_dt_get_type')
ANF: vhdi_dt_get_key('simv: undefined symbol: vhdi_dt_get_key')
ANF: vhdi_dt_get_vhdl_enum_info('simv: undefined symbol: vhdi_dt_get_vhdl_enum_info')
ANF: vhdi_dt_get_vhdl_physical_info('simv: undefined symbol: vhdi_dt_get_vhdl_physical_info')
ANF: vhdi_dt_get_vhdl_array_info('simv: undefined symbol: vhdi_dt_get_vhdl_array_info')
ANF: vhdi_dt_get_vhdl_record_info('simv: undefined symbol: vhdi_dt_get_vhdl_record_info')
ANF: vhdi_def_traverse_module('simv: undefined symbol: vhdi_def_traverse_module')
ANF: vhdi_def_traverse_scope('simv: undefined symbol: vhdi_def_traverse_scope')
ANF: vhdi_def_traverse_variable('simv: undefined symbol: vhdi_def_traverse_variable')
ANF: vhdi_def_get_module_id_by_vhpi('simv: undefined symbol: vhdi_def_get_module_id_by_vhpi')
ANF: vhdi_def_get_handle_by_module_id('simv: undefined symbol: vhdi_def_get_handle_by_module_id')
ANF: vhdi_def_get_variable_info_by_vhpi('simv: undefined symbol: vhdi_def_get_variable_info_by_vhpi')
ANF: vhdi_def_free('simv: undefined symbol: vhdi_def_free')
ANF: vhdi_ist_traverse_scope('simv: undefined symbol: vhdi_ist_traverse_scope')
ANF: vhdi_ist_traverse_variable('simv: undefined symbol: vhdi_ist_traverse_variable')
ANF: vhdi_ist_convert_by_vhpi('simv: undefined symbol: vhdi_ist_convert_by_vhpi')
ANF: vhdi_ist_clone('simv: undefined symbol: vhdi_ist_clone')
ANF: vhdi_ist_free('simv: undefined symbol: vhdi_ist_free')
ANF: vhdi_ist_hash_key('simv: undefined symbol: vhdi_ist_hash_key')
ANF: vhdi_ist_compare('simv: undefined symbol: vhdi_ist_compare')
ANF: vhdi_ist_get_value_addr('simv: undefined symbol: vhdi_ist_get_value_addr')
ANF: vhdi_set_scsd_callback('simv: undefined symbol: vhdi_set_scsd_callback')
ANF: vhdi_cbk_set_force_callback('simv: undefined symbol: vhdi_cbk_set_force_callback')
ANF: vhdi_trigger_init_force('simv: undefined symbol: vhdi_trigger_init_force')
ANF: vhdi_ist_check_scsd_callback('simv: undefined symbol: vhdi_ist_check_scsd_callback')
ANF: vhdi_ist_add_scsd_callback('simv: undefined symbol: vhdi_ist_add_scsd_callback')
ANF: vhdi_ist_remove_scsd_callback('simv: undefined symbol: vhdi_ist_remove_scsd_callback')
ANF: vhdi_ist_get_scsd_user_data('simv: undefined symbol: vhdi_ist_get_scsd_user_data')
ANF: vhdi_add_time_change_callback('simv: undefined symbol: vhdi_add_time_change_callback')
ANF: vhdi_get_real_value_by_value_addr('simv: undefined symbol: vhdi_get_real_value_by_value_addr')
ANF: vhdi_get_64_value_by_value_addr('simv: undefined symbol: vhdi_get_64_value_by_value_addr')
ANF: vhdi_xprop_inst_is_promoted('simv: undefined symbol: vhdi_xprop_inst_is_promoted')
ANF: vdi_ist_convert_by_vhdi('simv: undefined symbol: vdi_ist_convert_by_vhdi')
ANF: vhdi_ist_get_module_id('simv: undefined symbol: vhdi_ist_get_module_id')
ANF: vhdi_refine_foreign_scope_type('simv: undefined symbol: vhdi_refine_foreign_scope_type')
ANF: vhdi_flush_callback('simv: undefined symbol: vhdi_flush_callback')
ANF: vhdi_set_orig_name('simv: undefined symbol: vhdi_set_orig_name')
ANF: vhdi_set_dump_pt('simv: undefined symbol: vhdi_set_dump_pt')
ANF: vhdi_get_fsdb_option('simv: undefined symbol: vhdi_get_fsdb_option')
ANF: vhdi_fgp_get_mode('simv: undefined symbol: vhdi_fgp_get_mode')
ANF: vhdi_node_register_composite_var('simv: undefined symbol: vhdi_node_register_composite_var')
ANF: vhdi_node_analysis('simv: undefined symbol: vhdi_node_analysis')
ANF: vhdi_node_id('simv: undefined symbol: vhdi_node_id')
ANF: vhdi_node_ist_check_scsd_callback('simv: undefined symbol: vhdi_node_ist_check_scsd_callback')
ANF: vhdi_node_ist_add_scsd_callback('simv: undefined symbol: vhdi_node_ist_add_scsd_callback')
ANF: vhdi_node_ist_get_value_addr('simv: undefined symbol: vhdi_node_ist_get_value_addr')
ANF: vhdi_enc_def_traverse_module('simv: undefined symbol: vhdi_enc_def_traverse_module')
ANF: vhdi_enc_def_traverse_scope('simv: undefined symbol: vhdi_enc_def_traverse_scope')
ANF: vhdi_enc_def_traverse_variable('simv: undefined symbol: vhdi_enc_def_traverse_variable')
ANF: vhdi_enc_ist_traverse_scope('simv: undefined symbol: vhdi_enc_ist_traverse_scope')
ANF: vhdi_enc_ist_traverse_variable('simv: undefined symbol: vhdi_enc_ist_traverse_variable')
ANF: vhdi_enc_ist_get_module_id('simv: undefined symbol: vhdi_enc_ist_get_module_id')
ANF: vhdi_enc_def_get_handle_by_module_id('simv: undefined symbol: vhdi_enc_def_get_handle_by_module_id')
VCS compile option:
 option[0]: simv
 option[1]: +neg_tchk
 option[2]: +maxdelays
 option[3]: +v2k
 option[4]: +define+p2+F1+APR
 option[5]: /usr/cad/synopsys/vcs/2022.06/linux64/bin/vcs1
 option[6]: -Mcc=gcc
 option[7]: -Mcplusplus=g++
 option[8]: -Masflags=
 option[9]: -Mcfl= -pipe -fPIC -O -I/usr/cad/synopsys/vcs/2022.06/include 
 option[10]: -Mxllcflags=
 option[11]: -Mxcflags= -pipe -fPIC -I/usr/cad/synopsys/vcs/2022.06/include
 option[12]: -Mldflags= -rdynamic 
 option[13]: -Mout=simv
 option[14]: -Mamsrun=
 option[15]: -Mvcsaceobjs=
 option[16]: -Mobjects= /usr/cad/synopsys/vcs/2022.06/linux64/lib/libvirsim.so /usr/cad/synopsys/vcs/2022.06/linux64/lib/liberrorinf.so /usr/cad/synopsys/vcs/2022.06/linux64/lib/libsnpsmalloc.so /usr/cad/synopsys/vcs/2022.06/linux64/lib/libvfs.so 
 option[17]: -Mexternalobj=
 option[18]: -Msaverestoreobj=/usr/cad/synopsys/vcs/2022.06/linux64/lib/vcs_save_restore_new.o
 option[19]: -Mcrt0=
 option[20]: -Mcrtn=
 option[21]: -Mcsrc=
 option[22]: -Msyslibs=/usr/cad/synopsys/verdi/2022.06//share/PLI/VCS/LINUX64/pli.a -ldl 
 option[23]: -Xvcs_run_simv=1
 option[24]: -full64
 option[25]: +neg_tchk
 option[26]: +maxdelays
 option[27]: -debug_access+all
 option[28]: +vpi
 option[29]: +vcsd1
 option[30]: +itf+/usr/cad/synopsys/vcs/2022.06/linux64/lib/vcsdp_lite.tab
 option[31]: +v2k
 option[32]: +define+p2+F1+APR
 option[33]: -picarchive
 option[34]: -P
 option[35]: /usr/cad/synopsys/verdi/2022.06//share/PLI/VCS/LINUX64/verdi.tab
 option[36]: -fsdb
 option[37]: -gen_obj
 option[38]: -f
 option[39]: apr_03.f
 option[40]: -load
 option[41]: /usr/cad/synopsys/verdi/2022.06//share/PLI/VCS/LINUX64/libnovas.so:FSDBDumpCmd
Chronologic Simulation VCS Release T-2022.06_Full64
Linux 3.10.0-1160.88.1.el7.x86_64 #1 SMP Tue Mar 7 15:41:52 UTC 2023 x86_64
CPU cores: 16
Limit information:
======================================
cputime		unlimited
filesize		unlimited
datasize		unlimited
stacksize		8192 kbytes
coredumpsize		0 kbytes
memoryuse		unlimited
vmemoryuse		unlimited
descriptors		4096
memorylocked		64 kbytes
maxproc		4096
======================================
(Special)Runtime environment variables:

Runtime environment variables:
REMOTEHOST=wlan24.cc.ntu.edu.tw
SYNOPSYS_LC_ROOT=/usr/cad/synopsys/synthesis/cur
MANPATH=/usr/cad/synopsys/primepower/cur/doc/pp/man:/usr/cad/synopsys/primepower/cur/doc/pt/man:/usr/cad/synopsys/pathmill/cur/doc/pm/man:/usr/cad/synopsys/pathmill/cur/doc/amps/man:/usr/cad/synopsys/nanosim/cur/doc/ns/man:/usr/cad/synopsys/primepower/cur/doc/pp/man:/usr/cad/synopsys/primepower/cur/doc/pt/man:/usr/cad/synopsys/pathmill/cur/doc/pm/man:/usr/cad/synopsys/pathmill/cur/doc/amps/man:/usr/cad/synopsys/nanosim/cur/doc/ns/man:/usr/cad/synopsys/synthesis/cur/doc/syn/man:/usr/cad/synopsys/star-rcxt/2022.12/starrc/man:/usr/cad/synopsys/vcs/2022.06//doc/man:/usr/cad/synopsys/synthesis/cur/doc/syn/man:/usr/cad/synopsys/star-rcxt/2022.12/starrc/man:/usr/cad/synopsys/vcs/2022.06//doc/man
TMIARCH=RH_64
XDG_SESSION_ID=55180
SYNOPSYS_TMAX=/usr/cad/synopsys/tmax/cur
XLOCALEDIR=/usr/cad/synopsys/astro/cur/etc/locale
HOSTNAME=cad33
UNAME=/bin/uname
XKEYSYMDB=/usr/cad/synopsys/astro/cur/etc/XKeysymDB
SELINUX_ROLE_REQUESTED=
SCRNAME=vcs
VCS_DEPTH=0
HOST=cad33
TERM=xterm
SHELL=/bin/tcsh
SSH_CLIENT=140.112.25.24 28472 22
SELINUX_USE_CURRENT_RANGE=
CDS_LOAD_ENV=CSF
HSP_GCC_VERSION=9.2.0
MGC_LOCATION_MAP=NO_MAP
QTDIR=/usr/lib64/qt-3.3
QTINC=/usr/lib64/qt-3.3/include
VERA_HOME=/usr/cad/synopsys/vera/cur/cur
SYNOPSYS_SCIROCCO=/usr/cad/synopsys/scirocco/cur
SSH_TTY=/dev/pts/16
LC_ALL=C
SNPS_VCS_INTERNAL_ROOT_PID=15376
SPAPI_AHDL_INCLUDE=/home/raid7_4/raid1_1/linux/synopsys/hspice/2022.06/hspice/include
QT_GRAPHICSSYSTEM_CHECKED=1
HSP_HOME=/home/raid7_4/raid1_1/linux/synopsys/hspice/2022.06/hspice
GROUP=user
USER=b10163
LD_LIBRARY_PATH=/usr/cad/synopsys/vcs/2022.06//lib:/usr/cad/synopsys/vcs/2022.06/linux64/lib:/usr/cad/synopsys/verdi/2022.06//etc/lib/libstdc++/LINUX64/:/usr/cad/synopsys/verdi/2022.06//share/PLI/lib/LINUX64/:/usr/cad/synopsys/verdi/2022.06//share/PLI/VCS/LINUX64/::/lib64:/usr/lib64:/usr/local/lib64:/usr/cad/synopsys/star-rcxt/2022.12/linux64_starrc/lib/::::/usr/cad/synopsys/cosmos_scope/cur/CosmosScope/bin:/usr/spring_soft/verdi/cur/share/PLI/nc_xl/LINUX/xl_shared:/usr/spring_soft/verdi/cur/share/PLI/nc_xl/LINUX/nc_shared:/home/raid7_4/raid1_1/linux/novas/verdi/cur/share/PLI/IUS/LINUX/::/usr/cad/synopsys/verdi/cur/share/PLI/VCS/LINUX64:/usr/cad/synopsys/vera/cur/cur/lib
LS_COLORS=rs=0:di=01;34:ln=01;36:mh=00:pi=40;33:so=01;35:do=01;35:bd=40;33;01:cd=40;33;01:or=40;31;01:mi=01;05;37;41:su=37;41:sg=30;43:ca=30;41:tw=30;42:ow=34;42:st=37;44:ex=01;32:*.tar=01;31:*.tgz=01;31:*.arc=01;31:*.arj=01;31:*.taz=01;31:*.lha=01;31:*.lz4=01;31:*.lzh=01;31:*.lzma=01;31:*.tlz=01;31:*.txz=01;31:*.tzo=01;31:*.t7z=01;31:*.zip=01;31:*.z=01;31:*.Z=01;31:*.dz=01;31:*.gz=01;31:*.lrz=01;31:*.lz=01;31:*.lzo=01;31:*.xz=01;31:*.bz2=01;31:*.bz=01;31:*.tbz=01;31:*.tbz2=01;31:*.tz=01;31:*.deb=01;31:*.rpm=01;31:*.jar=01;31:*.war=01;31:*.ear=01;31:*.sar=01;31:*.rar=01;31:*.alz=01;31:*.ace=01;31:*.zoo=01;31:*.cpio=01;31:*.7z=01;31:*.rz=01;31:*.cab=01;31:*.jpg=01;35:*.jpeg=01;35:*.gif=01;35:*.bmp=01;35:*.pbm=01;35:*.pgm=01;35:*.ppm=01;35:*.tga=01;35:*.xbm=01;35:*.xpm=01;35:*.tif=01;35:*.tiff=01;35:*.png=01;35:*.svg=01;35:*.svgz=01;35:*.mng=01;35:*.pcx=01;35:*.mov=01;35:*.mpg=01;35:*.mpeg=01;35:*.m2v=01;35:*.mkv=01;35:*.webm=01;35:*.ogm=01;35:*.mp4=01;35:*.m4v=01;35:*.mp4v=01;35:*.vob=01;35:*.qt=01;35:*.nuv=01;35:*.wmv=01;35:*.asf=01;35:*.rm=01;35:*.rmvb=01;35:*.flc=01;35:*.avi=01;35:*.fli=01;35:*.flv=01;35:*.gl=01;35:*.dl=01;35:*.xcf=01;35:*.xwd=01;35:*.yuv=01;35:*.cgm=01;35:*.emf=01;35:*.axv=01;35:*.anx=01;35:*.ogv=01;35:*.ogx=01;35:*.aac=01;36:*.au=01;36:*.flac=01;36:*.mid=01;36:*.midi=01;36:*.mka=01;36:*.mp3=01;36:*.mpc=01;36:*.ogg=01;36:*.ra=01;36:*.wav=01;36:*.axa=01;36:*.oga=01;36:*.spx=01;36:*.xspf=01;36:
SCRIPT_NAME=vcs
synopsys_root=/usr/cad/synopsys/pathmill/cur
VCS_MX_HOME_INTERNAL=1
installdir=/home/raid7_4/raid1_1/linux/synopsys/hspice/2022.06/hspice
HOSTTYPE=x86_64-linux
SNPS_VCS_CLANG_PATH=/usr/cad/synopsys/vcs/2022.06//linux64/clang
ENCOUNTER=/usr/cad/cadence/EDI/cur/tools/fe
SNPSLMD_LICENSE_FILE=26585@lshc
CCSS_GNUHOME=/usr/cad/synopsys/ccss/cur/linux/gnupackages
VCS_USER_OPTIONS=-f apr_03.f -full64 -R +neg_tchk +maxdelays -debug_access+all +v2k +define+p2+F1+APR
CMIARCH=RH_64
OVA_UUM=0
VCS_MODE_FLAG=64
SYNOPSYS_NCX_ROOT=/usr/cad/synopsys/star-rcxt/2022.12
MAIL=/var/spool/mail/b10163
PATH=.:/usr/cad/spring_soft/laker/cur/bin:/usr/cad/synopsys/customexplorer/cur/bin:/usr/cad/synopsys/verdi/2022.06//bin:/usr/cad/synopsys/vera/cur/cur/bin:/usr/cad/synopsys/vcs/2022.06//amd64/bin:/usr/cad/synopsys/tmax/cur/bin:/usr/cad/synopsys/star-rcxt/2022.12/bin:/usr/cad/synopsys/scirocco/cur/bin:/usr/cad/synopsys/primetime/2022.12/amd64/syn/bin:/usr/bin/X11:/usr/cad/synopsys/primepower/cur/bin:/usr/cad/synopsys/pathmill/cur/amd64/pm/bin:/usr/cad/synopsys/nanosim/cur/bin:/usr/cad/synopsys/nanosim/cur/linux/ns/bin:/usr/cad/synopsys/spyglass/2022.06//SPYGLASS_HOME/bin:/usr/cad/synopsys/leda/cur/bin:/home/raid7_4/raid1_1/linux/synopsys/hspice/2022.06/hspice/bin:/home/raid7_4/raid1_1/linux/synopsys/hspice/2022.06/hspice/GNU/linux64/gcc/bin:/home/raid7_4/raid1_1/linux/synopsys/hspice/2022.06/hspice/linux64:/usr/bin:/usr/ucb/bin:/usr/cad/synopsys/hercules/cur/bin/AMD.64:/usr/cad/synopsys/formality/cur/bin:/usr/cad/synopsys/cosmos_scope/cur/ai_bin:/usr/cad/synopsys/ccss/cur/linux/ccss/bin:/usr/bin/X11:/usr/cad/synopsys/coreConsultant/cur/bin:/usr/cad/synopsys/synthesis/cur/amd64/syn/bin:/usr/cad/synopsys/lc/cur/bin:/usr/cad/synopsys/astro/cur/bin/AMD.64:/usr/spring_soft/verdi/cur/bin:/usr/spring_soft/verdi/cur/nLint/bin:/usr/mentor/calibre/cur/bin:/usr/mentor/calibre/cur/bin:/usr/cad/synopsys/customexplorer/cur/bin:/usr/cad/cadence/SPECTRE/cur/tools/dfII/bin:/usr/cad/cadence/SPECTRE/cur/tools/bin:/usr/cad/cadence/STRATUS/cur/tools/bin:/usr/cad/cadence/JASPER/cur/bin:/usr/cad/cadence/EDI/cur/tools/celtic/bin:/usr/cad/cadence/EDI/cur/tools/plato/bin:/usr/cad/cadence/EDI/cur/tools/dfII/bin:/usr/cad/cadence/EDI/cur/tools/fe/bin:/usr/cad/cadence/EDI/cur/tools/cdsdoc/bin:/usr/cad/cadence/EDI/cur/tools/bin:/usr/cad/cadence/EDI/cur//tools/tlfUtil/bin:/usr/cad/cadence/RC/cur/tools/bin:/usr/cad/cadence/MMSIM/cur/tools/dfII/bin:/usr/cad/cadence/MMSIM/cur/tools/bin:/usr/cad/cadence/NEOCIRCUIT/cur/tools/NeoCircuit/bin:bin.linux:/usr/cad/cadence/SPB/cur/tools/specctra/bin:/usr/cad/cadence/SPB/cur/tools/pcb/bin:/usr/cad/cadence/SPB/cur/tools/dfII/bin:/usr/cad/cadence/SPB/cur/tools/bin:/usr/cad/cadence/INCISIV/cur/tools/bin:/usr/cad/cadence/INCISIV/cur/tools/vtools/vfault/bin:/usr/cad/cadence/INCISIV/cur/tools/dfII/bin:/usr/cad/cadence/IC/cur/tools/dfII/bin:/usr/cad/cadence/IC/cur/tools/dracula/bin:/usr/cad/cadence/IC/cur/tools/bin:/usr/cad/cadence/EXT/cur/tools/bin:/usr/cad/cadence/ETS/cur/tools/bin:/usr/cad/cadence/CONFRML/cur/./bin:/usr/cad/cadence/CONFRML/cur/tools/bin:/usr/cad/cadence/CCD/cur/tools/bin:/usr/cad/cadence/ASSURA/cur/tools/assura/bin:/usr/cad/cadence/ASSURA/cur/tools/dsm/bin:/usr/cad/cadence/ASSURA/cur/tools/bin:/usr/cad/cadence/ASSURA/cur/tools/dfII/bin:/usr/cad/spring_soft/laker/cur/bin:/usr/cad/synopsys/customexplorer/cur/bin:/usr/cad/synopsys/verdi/2022.06//bin:/usr/cad/synopsys/vera/cur/cur/bin:/usr/cad/synopsys/vcs/2022.06//amd64/bin:/usr/cad/synopsys/tmax/cur/bin:/usr/cad/synopsys/star-rcxt/2022.12/bin:/usr/cad/synopsys/scirocco/cur/bin:/usr/cad/synopsys/primetime/2022.12/amd64/syn/bin:/usr/bin/X11:/usr/cad/synopsys/primepower/cur/bin:/usr/cad/synopsys/pathmill/cur/amd64/pm/bin:/usr/cad/synopsys/nanosim/cur/bin:/usr/cad/synopsys/nanosim/cur/linux/ns/bin:/usr/cad/synopsys/spyglass/2022.06//SPYGLASS_HOME/bin:/usr/cad/synopsys/leda/cur/bin:/home/raid7_4/raid1_1/linux/synopsys/hspice/2022.06/hspice/bin:/home/raid7_4/raid1_1/linux/synopsys/hspice/2022.06/hspice/GNU/linux64/gcc/bin:/home/raid7_4/raid1_1/linux/synopsys/hspice/2022.06/hspice/linux64:/usr/bin:/usr/ucb/bin:/usr/cad/synopsys/hercules/cur/bin/AMD.64:/usr/cad/synopsys/formality/cur/bin:/usr/cad/synopsys/cosmos_scope/cur/ai_bin:/usr/cad/synopsys/ccss/cur/linux/ccss/bin:/usr/bin/X11:/usr/cad/synopsys/coreConsultant/cur/bin:/usr/cad/synopsys/synthesis/cur/amd64/syn/bin:/usr/cad/synopsys/lc/cur/bin:/usr/cad/synopsys/astro/cur/bin/AMD.64:/usr/spring_soft/verdi/cur/bin:/usr/spring_soft/verdi/cur/nLint/bin:/usr/mentor/calibre/cur/bin:/usr/mentor/calibre/cur/bin:/usr/cad/synopsys/customexplorer/cur/bin:/usr/cad/cadence/SPECTRE/cur/tools/dfII/bin:/usr/cad/cadence/SPECTRE/cur/tools/bin:/usr/cad/cadence/STRATUS/cur/tools/bin:/usr/cad/cadence/JASPER/cur/bin:/usr/cad/cadence/EDI/cur/tools/celtic/bin:/usr/cad/cadence/EDI/cur/tools/plato/bin:/usr/cad/cadence/EDI/cur/tools/dfII/bin:/usr/cad/cadence/EDI/cur/tools/fe/bin:/usr/cad/cadence/EDI/cur/tools/cdsdoc/bin:/usr/cad/cadence/EDI/cur/tools/bin:/usr/cad/cadence/EDI/cur//tools/tlfUtil/bin:/usr/cad/cadence/RC/cur/tools/bin:/usr/cad/cadence/MMSIM/cur/tools/dfII/bin:/usr/cad/cadence/MMSIM/cur/tools/bin:/usr/cad/cadence/NEOCIRCUIT/cur/tools/NeoCircuit/bin:bin.linux:/usr/cad/cadence/SPB/cur/tools/specctra/bin:/usr/cad/cadence/SPB/cur/tools/pcb/bin:/usr/cad/cadence/SPB/cur/tools/dfII/bin:/usr/cad/cadence/SPB/cur/tools/bin:/usr/cad/cadence/INCISIV/cur/tools/bin:/usr/cad/cadence/INCISIV/cur/tools/vtools/vfault/bin:/usr/cad/cadence/INCISIV/cur/tools/dfII/bin:/usr/cad/cadence/IC/cur/tools/dfII/bin:/usr/cad/cadence/IC/cur/tools/dracula/bin:/usr/cad/cadence/IC/cur/tools/bin:/usr/cad/cadence/EXT/cur/tools/bin:/usr/cad/cadence/ETS/cur/tools/bin:/usr/cad/cadence/CONFRML/cur/./bin:/usr/cad/cadence/CONFRML/cur/tools/bin:/usr/cad/cadence/CCD/cur/tools/bin:/usr/cad/cadence/ASSURA/cur/tools/assura/bin:/usr/cad/cadence/ASSURA/cur/tools/dsm/bin:/usr/cad/cadence/ASSURA/cur/tools/bin:/usr/cad/cadence/ASSURA/cur/tools/dfII/bin:/home/raid7_4/raid1_1/linux/innovus/INNOVUS17.11//tools/celtic/bin:/home/raid7_4/raid1_1/linux/innovus/INNOVUS17.11//tools/plato/bin:/home/raid7_4/raid1_1/linux/innovus/INNOVUS17.11//tools/dfII/bin:/home/raid7_4/raid1_1/linux/innovus/INNOVUS17.11//tools/bin:/home/raid7_4/raid1_1/linux/innovus/INNOVUS17.11///tools/tlfUtil/bin:/home/raid7_4/raid1_1/linux/innovus/INNOVUS17.11//tools/celtic/bin:/home/raid7_4/raid1_1/linux/innovus/INNOVUS17.11//tools/plato/bin:/home/raid7_4/raid1_1/linux/innovus/INNOVUS17.11//tools/dfII/bin:/home/raid7_4/raid1_1/linux/innovus/INNOVUS17.11//tools/bin:/home/raid7_4/raid1_1/linux/innovus/INNOVUS17.11///tools/tlfUtil/bin:/home/raid7_4/raid1_1/linux/innovus/INNOVUS17.11//tools/celtic/bin:/home/raid7_4/raid1_1/linux/innovus/INNOVUS17.11//tools/plato/bin:/home/raid7_4/raid1_1/linux/innovus/INNOVUS17.11//tools/dfII/bin:/home/raid7_4/raid1_1/linux/innovus/INNOVUS17.11//tools/bin:/home/raid7_4/raid1_1/linux/innovus/INNOVUS17.11///tools/tlfUtil/bin:/usr/lib64/qt-3.3/bin:/usr/local/bin:/usr/bin:/usr/local/sbin:/usr/sbin:/home/raid7_4/raid1_1/linux/novas/verdi/cur/bin:/home/raid7_4/raid1_1/linux/novas/verdi/cur/bin
TARGET_ARCH=linux
SNPS_VCS_INTERNAL_CURR_PID=15376
VERDI_HOME=/usr/cad/synopsys/verdi/2022.06/
PRIMEPOWER=/usr/cad/synopsys/primepower/cur
DDD_SESSIONS=.
OAHOME=/usr/cad/cadence/oa_v22.04.073
PWD=/home/raid7_2/userb10/b10163/ICD2024/ICD_HW4/03_APR
VCS_HOME=/usr/cad/synopsys/vcs/2022.06/
SNPS_VCS_INTERNAL_MEMPRELOAD_USE_LIBC=1
SNPS_INTERNAL_VCS_LINUX_OS=linux
CCSS_KEYS=26585@lstc:1717@lstc:5280@lshc:5280@lstc:5280@lstn:
SYNOPSYS_SIM=/usr/cad/synopsys/scirocco/cur
SYNTHESIS=/usr/cad/synopsys/synthesis/cur
VERPLEX_HOME=/usr/cad/cadence/CONFRML/cur
OA_HOME=/usr/cad/cadence/EDI/cur/oa
VMR_MODE_FLAG=64
SYSTEMC_HOME=/usr/cad/synopsys/ccss/cur/linux/ccss/ccss_systemc
SELINUX_LEVEL_REQUESTED=
VCS_CC=gcc
CDS_Netlisting_Mode=Analog
LM_LICENSE_FILE=26585@lstc:1717@lstc:5280@lshc:5280@lstc:5280@lstn:
VCS_ARG_ADDED_FOR_TMP=1
SNPS_VCS_TMPDIR=/tmp/vcs_20240430095211_15376
CCSS_SIM_DIR=/home/raid7_2/userb10/b10163/SIM
HSP_GCC=/home/raid7_4/raid1_1/linux/synopsys/hspice/2022.06/hspice/GNU/linux64/gcc/bin/gcc -m64 
SHLVL=2
HOME=/home/raid7_2/userb10/b10163
OSTYPE=linux
FORMALITY=/usr/cad/synopsys/formality/cur
MGC_HOME=/usr/mentor/calibre/cur
SNPS_64=1
VCS_COM=/usr/cad/synopsys/vcs/2022.06/linux64/bin/vcs1
SNPS_PLATFORM=linux64
HSP_SIGMA_AMP=/home/raid7_4/raid1_1/linux/synopsys/hspice/2022.06/hspice/linux64/python/AVA/ava
MGC_TMPDIR=/tmp
VENDOR=unknown
MACHTYPE=x86_64
LOGNAME=b10163
QTLIB=/usr/lib64/qt-3.3/lib
SNPS_VCS_INTERNAL_ROOT_START_TIME=1714470731.439714698
NEOCKTHOME=/usr/cad/cadence/NEOCIRCUIT/cur/tools/NeoCircuit
SSH_CONNECTION=140.112.25.24 28472 140.112.20.76 22
LEDA_PATH=/usr/cad/synopsys/leda/cur
mraarch=linux_64
CCSS_DEBUGGER=ddd --gdb --debugger /usr/cad/synopsys/ccss/cur/linux/ccss/bin/gdbw --directory /usr/cad/synopsys/ccss/cur/linux/ccss/ccss_systemc/include/sysc/kernel --session ccss_dbg_ddd
CDS_LIC_FILE=/usr/cad/cadence/IC/cur/share/license/license.dat
SNPS_ARCH=linux
LESSOPEN=||/usr/bin/lesspipe.sh %s
ARCH=linux64
SHLIB_PATH=/usr/cad/synopsys/verdi/2022.06//etc/lib/libstdc++/LINUX64/:/usr/cad/synopsys/verdi/2022.06//share/PLI/lib/LINUX64/:/usr/cad/synopsys/verdi/2022.06//share/PLI/VCS/LINUX64/::/usr/spring_soft/verdi/cur/share/PLI/nc_xl/LINUX/xl_shared:/usr/spring_soft/verdi/cur/share/PLI/nc_xl/LINUX/nc_shared:/usr/cad/synopsys/verdi/2022.06//etc/lib/libstdc++/LINUX64/:/usr/cad/synopsys/verdi/2022.06//share/PLI/lib/LINUX64/:/usr/cad/synopsys/verdi/2022.06//share/PLI/VCS/LINUX64/::/usr/spring_soft/verdi/cur/share/PLI/nc_xl/LINUX/xl_shared:/usr/spring_soft/verdi/cur/share/PLI/nc_xl/LINUX/nc_shared
sysc_uni_pwd=/home/raid7_2/userb10/b10163/ICD2024/ICD_HW4/03_APR
CDPL_HOME=/home/raid7_4/raid1_1/linux/synopsys/hspice/2022.06/hspice/cdpl
XDG_RUNTIME_DIR=/run/user/1870
DISPLAY=localhost:16.0
VCS_ARCH=linux64
SYN_MAN_DIR=/usr/cad/synopsys/vcs/2022.06//doc/man
TOOL_HOME=/usr/cad/synopsys/vcs/2022.06/linux64
SNPS_SIMIF=/usr/cad/synopsys/nanosim/cur
SYNOPSYS_CCSS=/usr/cad/synopsys/ccss/cur/linux/ccss
ASSURAHOME=/usr/cad/cadence/ASSURA/cur
_=./simv
OLDPWD=/home/raid7_2/userb10/b10163/ICD2024/ICD_HW4/03_APR/simv.daidir/debug_dump/fsearch
VCS_PATHMAP_PRELOAD_DONE=1
VCS_EXEC_DONE=1
DVE=/usr/cad/synopsys/vcs/2022.06//gui/dve
SPECMAN_OUTPUT_TO_TTY=1
FLEXLM_BORROWFILE=/home/raid7_2/userb10/b10163/.cad33-borrow.txt
Runtime command line arguments:
argv[0]=simv
argv[1]=+neg_tchk
argv[2]=+maxdelays
argv[3]=+v2k
argv[4]=+define+p2+F1+APR
269 profile - 100
          CPU/Mem usage: 0.100 sys,  0.540 user,  277.14M mem
270 Elapsed time:    0:00:02    Tue Apr 30 17:52:51 2024
271 User CPU time used: 0 seconds
272 System CPU time used: 0 seconds
273 pliAppInit
274 [SC]Init: MemoryConsumed=0.00MB ElapsedTime=0hour 0min. 0sec.
275 FSDB_GATE is set.
276 FSDB_RTL is set.
277 FSDB_ALIAS_ARRAY_ELEM is set to 4294967295.
278 Enable Parallel Dumping.
279 pliAppMiscSet: New Sim Round
280 pliEntryInit
281 LIBSSCORE=found /usr/cad/synopsys/verdi/2022.06//share/PLI/lib/LINUXAMD64/libsscore_vcs202206.so through $NOVAS_HOME setting.
282 FSDB Dumper for VCS, Release Verdi_T-2022.06, Linux x86_64/64bit, 05/29/2022
283 (C) 1996 - 2022 by Synopsys, Inc.
284 sps_call_fsdbDumpfile_main at 0 : ./../00_TESTBED/tb_apr.v(132)
285 argv[0]: (IOTDF_F1_apr.fsdb)
286 *Verdi* FSDB WARNING: The FSDB file already exists. Overwriting the FSDB file may crash the programs that are using this file.
287 *Verdi* : Create FSDB file 'IOTDF_F1_apr.fsdb'
288 [spi_vcs_vd_ppi_create_root]: no upf option
289 compile option from '/home/raid7_2/userb10/b10163/ICD2024/ICD_HW4/03_APR/simv.daidir/vcs_rebuild'.
290   "vcs '-f' 'apr_03.f' '-full64' '-R' '+neg_tchk' '+maxdelays' '-debug_access+all' '+v2k' '+define+p2+F1+APR' 2>&1"
291 DVDI_is_vir_unload_enabled is enable
292 FSDB_VCS_ENABLE_NATIVE_VC is enable
293 sps_call_fsdbDumpvars_vd_main at 0 : ./../00_TESTBED/tb_apr.v(142)
294 *Verdi* : Begin traversing the scopes, layer (0).
295 *Verdi* : End of traversing.
296 pliAppHDL_DumpVarComplete traverse var: profile - 
          CPU/Mem usage: 0.130 sys,  0.640 user,  395.26M mem
                   incr: 0.000 sys,  0.050 user,  25.99M mem
                   accu: 0.000 sys,  0.050 user,  25.99M mem
              accu incr: 0.000 sys,  0.050 user,  25.99M mem

          Count usage: 2152 var,  2375 idcode,  2263 callback
                 incr: 2152 var,  2375 idcode,  2263 callback
                 accu: 2152 var,  2375 idcode,  2263 callback
            accu incr: 2152 var,  2375 idcode,  2263 callback
297 Elapsed time:    0:00:02    Tue Apr 30 17:52:51 2024
298 User CPU time used: 0 seconds
299 System CPU time used: 0 seconds
300 pliAppHDL_DumpVarComplete: profile - 
          CPU/Mem usage: 0.130 sys,  0.640 user,  396.32M mem
                   incr: 0.000 sys,  0.000 user,  1.05M mem
                   accu: 0.000 sys,  0.050 user,  27.04M mem
              accu incr: 0.000 sys,  0.000 user,  1.05M mem

          Count usage: 2152 var,  2375 idcode,  2263 callback
                 incr: 0 var,  0 idcode,  0 callback
                 accu: 2152 var,  2375 idcode,  2263 callback
            accu incr: 0 var,  0 idcode,  0 callback
301 Elapsed time:    0:00:02    Tue Apr 30 17:52:51 2024
302 User CPU time used: 0 seconds
303 System CPU time used: 0 seconds
304 sps_call_fsdbDumpMDA_vd_main at 0 : ./../00_TESTBED/tb_apr.v(143)
305 *Verdi* : Begin traversing the MDAs, layer (0).
306 *Verdi* : Enable +mda and +packedmda dumping.
307 *Verdi* : End of traversing the MDAs.
308 pliAppHDL_DumpVarComplete traverse var: profile - 
          CPU/Mem usage: 0.130 sys,  0.640 user,  396.46M mem
                   incr: 0.000 sys,  0.000 user,  0.14M mem
                   accu: 0.000 sys,  0.000 user,  0.14M mem
              accu incr: 0.000 sys,  0.000 user,  0.14M mem

          Count usage: 2332 var,  2555 idcode,  2266 callback
                 incr: 180 var,  180 idcode,  3 callback
                 accu: 180 var,  180 idcode,  3 callback
            accu incr: 180 var,  180 idcode,  3 callback
309 Elapsed time:    0:00:02    Tue Apr 30 17:52:51 2024
310 User CPU time used: 0 seconds
311 System CPU time used: 0 seconds
312 pliAppHDL_DumpVarComplete: profile - 
          CPU/Mem usage: 0.130 sys,  0.640 user,  396.46M mem
                   incr: 0.000 sys,  0.000 user,  0.00M mem
                   accu: 0.000 sys,  0.000 user,  0.14M mem
              accu incr: 0.000 sys,  0.000 user,  0.00M mem

          Count usage: 2332 var,  2555 idcode,  2266 callback
                 incr: 0 var,  0 idcode,  0 callback
                 accu: 180 var,  180 idcode,  3 callback
            accu incr: 0 var,  0 idcode,  0 callback
313 Elapsed time:    0:00:02    Tue Apr 30 17:52:51 2024
314 User CPU time used: 0 seconds
315 System CPU time used: 0 seconds
316 End of simulation at 10840000
317 Memory usage: 473.014 M
318 Maximum resident set size: 167 MB
319 Hard page faults: 0
320 Soft page faults: 30256
321 Elapsed time:    0:00:02    Tue Apr 30 17:52:51 2024
322 User CPU time used: 0 seconds
323 System CPU time used: 0 seconds
324 Begin FSDB profile info:
325 FSDB Writer : bc1(320437) bcn(71196) mtf/stf(0/0)
FSDB Writer elapsed time : flush(0.145055) io wait(0.000000) theadpool wait(0.000000)
FSDB Writer cpu time : MT Compression : 0
326 End FSDB profile info
327 FSDB closed. Name: IOTDF_F1_apr.fsdb Size: 105218
328 Parallel profile     - ProducerThread:1 ConsumerThread:1 Buffer:64MB
329                      - BlockUsed:6 Acquire:680320 BufferUsed:8872108
330                      - Flush:4 Expand:0 ProducerWait:0 ConsumerWait:4
331                      - MainProducerTime:1.005434797 TotalConsumerTime:0.055209295
332                      - ElapsedTime:0.965885000
333 Producer   0 profile - BlockUsed:6 Acquire:680320 BufferUsed:8872108
334 Consumer   0 profile - Affinity:-1 CPUTime:0.055209295 LifeTime:0.152150718 (0.36%)
335                      - BlockUsed:6 Acquire:680320 BufferUsed:8872108
336 SimExit
337 Elapsed time:    0:00:03    Tue Apr 30 17:52:52 2024
338 User CPU time used: 0 seconds
339 System CPU time used: 0 seconds
340 Sim process exit
