#######################################################################################
# log primitive debug message of FSDB dumping                                         #
# This is for R&D to analyze when there are issues happening when FSDB dump           #
#######################################################################################
ANF: vcsd_get_serial_mode_status('simv: undefined symbol: vcsd_get_serial_mode_status')
ANF: vcsd_enable_sva_success_callback('simv: undefined symbol: vcsd_enable_sva_success_callback')
ANF: vcsd_disable_sva_success_callback('simv: undefined symbol: vcsd_disable_sva_success_callback')
ANF: vcsd_get_power_scope_name('simv: undefined symbol: vcsd_get_power_scope_name')
ANF: vcsd_begin_no_value_var_info('simv: undefined symbol: vcsd_begin_no_value_var_info')
ANF: vcsd_end_no_value_var_info('simv: undefined symbol: vcsd_end_no_value_var_info')
ANF: vcsd_remove_xprop_merge_mode_callback('simv: undefined symbol: vcsd_remove_xprop_merge_mode_callback')
ANF: vhpi_get_cb_info('simv: undefined symbol: vhpi_get_cb_info')
ANF: vhpi_free_handle('simv: undefined symbol: vhpi_free_handle')
ANF: vhpi_fetch_vcsd_handle('simv: undefined symbol: vhpi_fetch_vcsd_handle')
ANF: vhpi_fetch_vpi_handle('simv: undefined symbol: vhpi_fetch_vpi_handle')
ANF: vhpi_has_verilog_parent('simv: undefined symbol: vhpi_has_verilog_parent')
ANF: vhpi_is_verilog_scope('simv: undefined symbol: vhpi_is_verilog_scope')
ANF: scsd_xprop_is_enabled('simv: undefined symbol: scsd_xprop_is_enabled')
ANF: scsd_xprop_sig_is_promoted('simv: undefined symbol: scsd_xprop_sig_is_promoted')
ANF: scsd_xprop_int_xvalue('simv: undefined symbol: scsd_xprop_int_xvalue')
ANF: scsd_xprop_bool_xvalue('simv: undefined symbol: scsd_xprop_bool_xvalue')
ANF: scsd_xprop_enum_xvalue('simv: undefined symbol: scsd_xprop_enum_xvalue')
ANF: scsd_xprop_register_merge_mode_cb('simv: undefined symbol: scsd_xprop_register_merge_mode_cb')
ANF: scsd_xprop_delete_merge_mode_cb('simv: undefined symbol: scsd_xprop_delete_merge_mode_cb')
ANF: scsd_xprop_get_merge_mode('simv: undefined symbol: scsd_xprop_get_merge_mode')
ANF: scsd_thread_get_info('simv: undefined symbol: scsd_thread_get_info')
ANF: scsd_thread_vc_init('simv: undefined symbol: scsd_thread_vc_init')
ANF: scsd_master_set_delta_sync_cbk('simv: undefined symbol: scsd_master_set_delta_sync_cbk')
ANF: scsd_fgp_get_fsdb_cores('simv: undefined symbol: scsd_fgp_get_fsdb_cores')
ANF: scsd_fgp_get_is_cpu_affinity_disabled('simv: undefined symbol: scsd_fgp_get_is_cpu_affinity_disabled')
ANF: vhdi_dt_get_type('simv: undefined symbol: vhdi_dt_get_type')
ANF: vhdi_dt_get_key('simv: undefined symbol: vhdi_dt_get_key')
ANF: vhdi_dt_get_vhdl_enum_info('simv: undefined symbol: vhdi_dt_get_vhdl_enum_info')
ANF: vhdi_dt_get_vhdl_physical_info('simv: undefined symbol: vhdi_dt_get_vhdl_physical_info')
ANF: vhdi_dt_get_vhdl_array_info('simv: undefined symbol: vhdi_dt_get_vhdl_array_info')
ANF: vhdi_dt_get_vhdl_record_info('simv: undefined symbol: vhdi_dt_get_vhdl_record_info')
ANF: vhdi_def_traverse_module('simv: undefined symbol: vhdi_def_traverse_module')
ANF: vhdi_def_traverse_scope('simv: undefined symbol: vhdi_def_traverse_scope')
ANF: vhdi_def_traverse_variable('simv: undefined symbol: vhdi_def_traverse_variable')
ANF: vhdi_def_get_module_id_by_vhpi('simv: undefined symbol: vhdi_def_get_module_id_by_vhpi')
ANF: vhdi_def_get_handle_by_module_id('simv: undefined symbol: vhdi_def_get_handle_by_module_id')
ANF: vhdi_def_get_variable_info_by_vhpi('simv: undefined symbol: vhdi_def_get_variable_info_by_vhpi')
ANF: vhdi_def_free('simv: undefined symbol: vhdi_def_free')
ANF: vhdi_ist_traverse_scope('simv: undefined symbol: vhdi_ist_traverse_scope')
ANF: vhdi_ist_traverse_variable('simv: undefined symbol: vhdi_ist_traverse_variable')
ANF: vhdi_ist_convert_by_vhpi('simv: undefined symbol: vhdi_ist_convert_by_vhpi')
ANF: vhdi_ist_clone('simv: undefined symbol: vhdi_ist_clone')
ANF: vhdi_ist_free('simv: undefined symbol: vhdi_ist_free')
ANF: vhdi_ist_hash_key('simv: undefined symbol: vhdi_ist_hash_key')
ANF: vhdi_ist_compare('simv: undefined symbol: vhdi_ist_compare')
ANF: vhdi_ist_get_value_addr('simv: undefined symbol: vhdi_ist_get_value_addr')
ANF: vhdi_set_scsd_callback('simv: undefined symbol: vhdi_set_scsd_callback')
ANF: vhdi_cbk_set_force_callback('simv: undefined symbol: vhdi_cbk_set_force_callback')
ANF: vhdi_trigger_init_force('simv: undefined symbol: vhdi_trigger_init_force')
ANF: vhdi_ist_check_scsd_callback('simv: undefined symbol: vhdi_ist_check_scsd_callback')
ANF: vhdi_ist_add_scsd_callback('simv: undefined symbol: vhdi_ist_add_scsd_callback')
ANF: vhdi_ist_remove_scsd_callback('simv: undefined symbol: vhdi_ist_remove_scsd_callback')
ANF: vhdi_ist_get_scsd_user_data('simv: undefined symbol: vhdi_ist_get_scsd_user_data')
ANF: vhdi_add_time_change_callback('simv: undefined symbol: vhdi_add_time_change_callback')
ANF: vhdi_get_real_value_by_value_addr('simv: undefined symbol: vhdi_get_real_value_by_value_addr')
ANF: vhdi_get_64_value_by_value_addr('simv: undefined symbol: vhdi_get_64_value_by_value_addr')
ANF: vhdi_xprop_inst_is_promoted('simv: undefined symbol: vhdi_xprop_inst_is_promoted')
ANF: vdi_ist_convert_by_vhdi('simv: undefined symbol: vdi_ist_convert_by_vhdi')
ANF: vhdi_ist_get_module_id('simv: undefined symbol: vhdi_ist_get_module_id')
ANF: vhdi_refine_foreign_scope_type('simv: undefined symbol: vhdi_refine_foreign_scope_type')
ANF: vhdi_flush_callback('simv: undefined symbol: vhdi_flush_callback')
ANF: vhdi_set_orig_name('simv: undefined symbol: vhdi_set_orig_name')
ANF: vhdi_set_dump_pt('simv: undefined symbol: vhdi_set_dump_pt')
ANF: vhdi_get_fsdb_option('simv: undefined symbol: vhdi_get_fsdb_option')
ANF: vhdi_fgp_get_mode('simv: undefined symbol: vhdi_fgp_get_mode')
ANF: vhdi_node_register_composite_var('simv: undefined symbol: vhdi_node_register_composite_var')
ANF: vhdi_node_analysis('simv: undefined symbol: vhdi_node_analysis')
ANF: vhdi_node_id('simv: undefined symbol: vhdi_node_id')
ANF: vhdi_node_ist_check_scsd_callback('simv: undefined symbol: vhdi_node_ist_check_scsd_callback')
ANF: vhdi_node_ist_add_scsd_callback('simv: undefined symbol: vhdi_node_ist_add_scsd_callback')
ANF: vhdi_node_ist_get_value_addr('simv: undefined symbol: vhdi_node_ist_get_value_addr')
ANF: vhdi_enc_def_traverse_module('simv: undefined symbol: vhdi_enc_def_traverse_module')
ANF: vhdi_enc_def_traverse_scope('simv: undefined symbol: vhdi_enc_def_traverse_scope')
ANF: vhdi_enc_def_traverse_variable('simv: undefined symbol: vhdi_enc_def_traverse_variable')
ANF: vhdi_enc_ist_traverse_scope('simv: undefined symbol: vhdi_enc_ist_traverse_scope')
ANF: vhdi_enc_ist_traverse_variable('simv: undefined symbol: vhdi_enc_ist_traverse_variable')
ANF: vhdi_enc_ist_get_module_id('simv: undefined symbol: vhdi_enc_ist_get_module_id')
ANF: vhdi_enc_def_get_handle_by_module_id('simv: undefined symbol: vhdi_enc_def_get_handle_by_module_id')
VCS compile option:
 option[0]: simv
 option[1]: +neg_tchk
 option[2]: +maxdelays
 option[3]: +v2k
 option[4]: +define+p2+F1+APR
 option[5]: /usr/cad/synopsys/vcs/2022.06/linux64/bin/vcs1
 option[6]: -Mcc=gcc
 option[7]: -Mcplusplus=g++
 option[8]: -Masflags=
 option[9]: -Mcfl= -pipe -fPIC -O -I/usr/cad/synopsys/vcs/2022.06/include 
 option[10]: -Mxllcflags=
 option[11]: -Mxcflags= -pipe -fPIC -I/usr/cad/synopsys/vcs/2022.06/include
 option[12]: -Mldflags= -rdynamic 
 option[13]: -Mout=simv
 option[14]: -Mamsrun=
 option[15]: -Mvcsaceobjs=
 option[16]: -Mobjects= /usr/cad/synopsys/vcs/2022.06/linux64/lib/libvirsim.so /usr/cad/synopsys/vcs/2022.06/linux64/lib/liberrorinf.so /usr/cad/synopsys/vcs/2022.06/linux64/lib/libsnpsmalloc.so /usr/cad/synopsys/vcs/2022.06/linux64/lib/libvfs.so 
 option[17]: -Mexternalobj=
 option[18]: -Msaverestoreobj=/usr/cad/synopsys/vcs/2022.06/linux64/lib/vcs_save_restore_new.o
 option[19]: -Mcrt0=
 option[20]: -Mcrtn=
 option[21]: -Mcsrc=
 option[22]: -Msyslibs=/usr/cad/synopsys/verdi/2022.06//share/PLI/VCS/LINUX64/pli.a -ldl 
 option[23]: -Xvcs_run_simv=1
 option[24]: -full64
 option[25]: +neg_tchk
 option[26]: +maxdelays
 option[27]: -debug_access+all
 option[28]: +vpi
 option[29]: +vcsd1
 option[30]: +itf+/usr/cad/synopsys/vcs/2022.06/linux64/lib/vcsdp_lite.tab
 option[31]: +v2k
 option[32]: +define+p2+F1+APR
 option[33]: -picarchive
 option[34]: -P
 option[35]: /usr/cad/synopsys/verdi/2022.06//share/PLI/VCS/LINUX64/verdi.tab
 option[36]: -fsdb
 option[37]: -gen_obj
 option[38]: -f
 option[39]: apr_03.f
 option[40]: -load
 option[41]: /usr/cad/synopsys/verdi/2022.06//share/PLI/VCS/LINUX64/libnovas.so:FSDBDumpCmd
Chronologic Simulation VCS Release T-2022.06_Full64
Linux 3.10.0-1160.88.1.el7.x86_64 #1 SMP Tue Mar 7 15:41:52 UTC 2023 x86_64
CPU cores: 16
Limit information:
======================================
cputime		unlimited
filesize		unlimited
datasize		unlimited
stacksize		8192 kbytes
coredumpsize		0 kbytes
memoryuse		unlimited
vmemoryuse		unlimited
descriptors		4096
memorylocked		64 kbytes
maxproc		4096
======================================
(Special)Runtime environment variables:

Runtime environment variables:
SYNOPSYS_LC_ROOT=/usr/cad/synopsys/synthesis/cur
MANPATH=/usr/cad/synopsys/primepower/cur/doc/pp/man:/usr/cad/synopsys/primepower/cur/doc/pt/man:/usr/cad/synopsys/pathmill/cur/doc/pm/man:/usr/cad/synopsys/pathmill/cur/doc/amps/man:/usr/cad/synopsys/nanosim/cur/doc/ns/man:/usr/cad/synopsys/synthesis/cur/doc/syn/man:/usr/cad/synopsys/star-rcxt/2022.12/starrc/man:/usr/cad/synopsys/vcs/2022.06//doc/man
TMIARCH=RH_64
XDG_SESSION_ID=58103
SYNOPSYS_TMAX=/usr/cad/synopsys/tmax/cur
XLOCALEDIR=/usr/cad/synopsys/astro/cur/etc/locale
TERM_PROGRAM=vscode
UNAME=/bin/uname
XKEYSYMDB=/usr/cad/synopsys/astro/cur/etc/XKeysymDB
SELINUX_ROLE_REQUESTED=
SSL_CERT_FILE=/etc/pki/ca-trust/extracted/pem/tls-ca-bundle.pem
SCRNAME=vcs
VCS_DEPTH=0
TERM=xterm-256color
HOST=cad33
SHELL=/bin/tcsh
SSH_CLIENT=140.112.150.47 57101 22
TERM_PROGRAM_VERSION=1.89.0
SELINUX_USE_CURRENT_RANGE=
CDS_LOAD_ENV=CSF
HSP_GCC_VERSION=9.2.0
MGC_LOCATION_MAP=NO_MAP
QTDIR=/usr/lib64/qt-3.3
QTINC=/usr/lib64/qt-3.3/include
VERA_HOME=/usr/cad/synopsys/vera/cur/cur
SYNOPSYS_SCIROCCO=/usr/cad/synopsys/scirocco/cur
LC_ALL=C
SNPS_VCS_INTERNAL_ROOT_PID=2392
SPAPI_AHDL_INCLUDE=/home/raid7_4/raid1_1/linux/synopsys/hspice/2022.06/hspice/include
QT_GRAPHICSSYSTEM_CHECKED=1
HSP_HOME=/home/raid7_4/raid1_1/linux/synopsys/hspice/2022.06/hspice
GROUP=user
USER=b10163
LD_LIBRARY_PATH=/usr/cad/synopsys/vcs/2022.06//lib:/usr/cad/synopsys/vcs/2022.06/linux64/lib:/usr/cad/synopsys/verdi/2022.06//etc/lib/libstdc++/LINUX64/:/usr/cad/synopsys/verdi/2022.06//share/PLI/lib/LINUX64/:/usr/cad/synopsys/verdi/2022.06//share/PLI/VCS/LINUX64/::/lib64:/usr/lib64:/usr/local/lib64:/usr/cad/synopsys/star-rcxt/2022.12/linux64_starrc/lib/::::/usr/cad/synopsys/cosmos_scope/cur/CosmosScope/bin:/usr/spring_soft/verdi/cur/share/PLI/nc_xl/LINUX/xl_shared:/usr/spring_soft/verdi/cur/share/PLI/nc_xl/LINUX/nc_shared:/home/raid7_4/raid1_1/linux/novas/verdi/cur/share/PLI/IUS/LINUX/::/usr/cad/synopsys/verdi/cur/share/PLI/VCS/LINUX64:/usr/cad/synopsys/vera/cur/cur/lib
LS_COLORS=rs=0:di=38;5;27:ln=38;5;51:mh=44;38;5;15:pi=40;38;5;11:so=38;5;13:do=38;5;5:bd=48;5;232;38;5;11:cd=48;5;232;38;5;3:or=48;5;232;38;5;9:mi=05;48;5;232;38;5;15:su=48;5;196;38;5;15:sg=48;5;11;38;5;16:ca=48;5;196;38;5;226:tw=48;5;10;38;5;16:ow=48;5;10;38;5;21:st=48;5;21;38;5;15:ex=38;5;34:*.tar=38;5;9:*.tgz=38;5;9:*.arc=38;5;9:*.arj=38;5;9:*.taz=38;5;9:*.lha=38;5;9:*.lz4=38;5;9:*.lzh=38;5;9:*.lzma=38;5;9:*.tlz=38;5;9:*.txz=38;5;9:*.tzo=38;5;9:*.t7z=38;5;9:*.zip=38;5;9:*.z=38;5;9:*.Z=38;5;9:*.dz=38;5;9:*.gz=38;5;9:*.lrz=38;5;9:*.lz=38;5;9:*.lzo=38;5;9:*.xz=38;5;9:*.bz2=38;5;9:*.bz=38;5;9:*.tbz=38;5;9:*.tbz2=38;5;9:*.tz=38;5;9:*.deb=38;5;9:*.rpm=38;5;9:*.jar=38;5;9:*.war=38;5;9:*.ear=38;5;9:*.sar=38;5;9:*.rar=38;5;9:*.alz=38;5;9:*.ace=38;5;9:*.zoo=38;5;9:*.cpio=38;5;9:*.7z=38;5;9:*.rz=38;5;9:*.cab=38;5;9:*.jpg=38;5;13:*.jpeg=38;5;13:*.gif=38;5;13:*.bmp=38;5;13:*.pbm=38;5;13:*.pgm=38;5;13:*.ppm=38;5;13:*.tga=38;5;13:*.xbm=38;5;13:*.xpm=38;5;13:*.tif=38;5;13:*.tiff=38;5;13:*.png=38;5;13:*.svg=38;5;13:*.svgz=38;5;13:*.mng=38;5;13:*.pcx=38;5;13:*.mov=38;5;13:*.mpg=38;5;13:*.mpeg=38;5;13:*.m2v=38;5;13:*.mkv=38;5;13:*.webm=38;5;13:*.ogm=38;5;13:*.mp4=38;5;13:*.m4v=38;5;13:*.mp4v=38;5;13:*.vob=38;5;13:*.qt=38;5;13:*.nuv=38;5;13:*.wmv=38;5;13:*.asf=38;5;13:*.rm=38;5;13:*.rmvb=38;5;13:*.flc=38;5;13:*.avi=38;5;13:*.fli=38;5;13:*.flv=38;5;13:*.gl=38;5;13:*.dl=38;5;13:*.xcf=38;5;13:*.xwd=38;5;13:*.yuv=38;5;13:*.cgm=38;5;13:*.emf=38;5;13:*.axv=38;5;13:*.anx=38;5;13:*.ogv=38;5;13:*.ogx=38;5;13:*.aac=38;5;45:*.au=38;5;45:*.flac=38;5;45:*.mid=38;5;45:*.midi=38;5;45:*.mka=38;5;45:*.mp3=38;5;45:*.mpc=38;5;45:*.ogg=38;5;45:*.ra=38;5;45:*.wav=38;5;45:*.axa=38;5;45:*.oga=38;5;45:*.spx=38;5;45:*.xspf=38;5;45:
SCRIPT_NAME=vcs
synopsys_root=/usr/cad/synopsys/pathmill/cur
VCS_MX_HOME_INTERNAL=1
installdir=/home/raid7_4/raid1_1/linux/synopsys/hspice/2022.06/hspice
HOSTTYPE=x86_64-linux
SNPS_VCS_CLANG_PATH=/usr/cad/synopsys/vcs/2022.06//linux64/clang
ENCOUNTER=/usr/cad/cadence/EDI/cur/tools/fe
SNPSLMD_LICENSE_FILE=26585@lshc
CCSS_GNUHOME=/usr/cad/synopsys/ccss/cur/linux/gnupackages
VCS_USER_OPTIONS=-f apr_03.f -full64 -R +neg_tchk +maxdelays -debug_access+all +v2k +define+p2+F1+APR
CMIARCH=RH_64
OVA_UUM=0
VCS_MODE_FLAG=64
SYNOPSYS_NCX_ROOT=/usr/cad/synopsys/star-rcxt/2022.12
MAIL=/var/spool/mail/b10163
PATH=.:/usr/cad/spring_soft/laker/cur/bin:/usr/cad/synopsys/customexplorer/cur/bin:/usr/cad/synopsys/verdi/2022.06//bin:/usr/cad/synopsys/vera/cur/cur/bin:/usr/cad/synopsys/vcs/2022.06//amd64/bin:/usr/cad/synopsys/tmax/cur/bin:/usr/cad/synopsys/star-rcxt/2022.12/bin:/usr/cad/synopsys/scirocco/cur/bin:/usr/cad/synopsys/primetime/2022.12/amd64/syn/bin:/usr/bin/X11:/usr/cad/synopsys/primepower/cur/bin:/usr/cad/synopsys/pathmill/cur/amd64/pm/bin:/usr/cad/synopsys/nanosim/cur/bin:/usr/cad/synopsys/nanosim/cur/linux/ns/bin:/usr/cad/synopsys/spyglass/2022.06//SPYGLASS_HOME/bin:/usr/cad/synopsys/leda/cur/bin:/home/raid7_4/raid1_1/linux/synopsys/hspice/2022.06/hspice/bin:/home/raid7_4/raid1_1/linux/synopsys/hspice/2022.06/hspice/GNU/linux64/gcc/bin:/home/raid7_4/raid1_1/linux/synopsys/hspice/2022.06/hspice/linux64:/usr/bin:/usr/ucb/bin:/usr/cad/synopsys/hercules/cur/bin/AMD.64:/usr/cad/synopsys/formality/cur/bin:/usr/cad/synopsys/cosmos_scope/cur/ai_bin:/usr/cad/synopsys/ccss/cur/linux/ccss/bin:/usr/bin/X11:/usr/cad/synopsys/coreConsultant/cur/bin:/usr/cad/synopsys/synthesis/cur/amd64/syn/bin:/usr/cad/synopsys/lc/cur/bin:/usr/cad/synopsys/astro/cur/bin/AMD.64:/usr/spring_soft/verdi/cur/bin:/usr/spring_soft/verdi/cur/nLint/bin:/usr/mentor/calibre/cur/bin:/usr/mentor/calibre/cur/bin:/usr/cad/synopsys/customexplorer/cur/bin:/usr/cad/cadence/SPECTRE/cur/tools/dfII/bin:/usr/cad/cadence/SPECTRE/cur/tools/bin:/usr/cad/cadence/STRATUS/cur/tools/bin:/usr/cad/cadence/JASPER/cur/bin:/usr/cad/cadence/EDI/cur/tools/celtic/bin:/usr/cad/cadence/EDI/cur/tools/plato/bin:/usr/cad/cadence/EDI/cur/tools/dfII/bin:/usr/cad/cadence/EDI/cur/tools/fe/bin:/usr/cad/cadence/EDI/cur/tools/cdsdoc/bin:/usr/cad/cadence/EDI/cur/tools/bin:/usr/cad/cadence/EDI/cur//tools/tlfUtil/bin:/usr/cad/cadence/RC/cur/tools/bin:/usr/cad/cadence/MMSIM/cur/tools/dfII/bin:/usr/cad/cadence/MMSIM/cur/tools/bin:/usr/cad/cadence/NEOCIRCUIT/cur/tools/NeoCircuit/bin:bin.linux:/usr/cad/cadence/SPB/cur/tools/specctra/bin:/usr/cad/cadence/SPB/cur/tools/pcb/bin:/usr/cad/cadence/SPB/cur/tools/dfII/bin:/usr/cad/cadence/SPB/cur/tools/bin:/usr/cad/cadence/INCISIV/cur/tools/bin:/usr/cad/cadence/INCISIV/cur/tools/vtools/vfault/bin:/usr/cad/cadence/INCISIV/cur/tools/dfII/bin:/usr/cad/cadence/IC/cur/tools/dfII/bin:/usr/cad/cadence/IC/cur/tools/dracula/bin:/usr/cad/cadence/IC/cur/tools/bin:/usr/cad/cadence/EXT/cur/tools/bin:/usr/cad/cadence/ETS/cur/tools/bin:/usr/cad/cadence/CONFRML/cur/./bin:/usr/cad/cadence/CONFRML/cur/tools/bin:/usr/cad/cadence/CCD/cur/tools/bin:/usr/cad/cadence/ASSURA/cur/tools/assura/bin:/usr/cad/cadence/ASSURA/cur/tools/dsm/bin:/usr/cad/cadence/ASSURA/cur/tools/bin:/usr/cad/cadence/ASSURA/cur/tools/dfII/bin:/home/raid7_2/userb10/b10163/.vscode-server/cli/servers/Stable-b58957e67ee1e712cebf466b995adf4c5307b2bd/server/bin/remote-cli:/usr/lib64/qt-3.3/bin:/usr/local/bin:/usr/bin:/home/raid7_4/raid1_1/linux/novas/verdi/cur/bin
TARGET_ARCH=linux
SNPS_VCS_INTERNAL_CURR_PID=2392
VERDI_HOME=/usr/cad/synopsys/verdi/2022.06/
PRIMEPOWER=/usr/cad/synopsys/primepower/cur
DDD_SESSIONS=.
OAHOME=/usr/cad/cadence/oa_v22.04.073
PWD=/home/raid7_2/userb10/b10163/ICD2024/ICD_HW4/03_APR
VCS_HOME=/usr/cad/synopsys/vcs/2022.06/
SNPS_VCS_INTERNAL_MEMPRELOAD_USE_LIBC=1
SNPS_INTERNAL_VCS_LINUX_OS=linux
CCSS_KEYS=26585@lstc:1717@lstc:5280@lshc
SYNOPSYS_SIM=/usr/cad/synopsys/scirocco/cur
SYNTHESIS=/usr/cad/synopsys/synthesis/cur
OA_HOME=/usr/cad/cadence/EDI/cur/oa
VERPLEX_HOME=/usr/cad/cadence/CONFRML/cur
VMR_MODE_FLAG=64
SYSTEMC_HOME=/usr/cad/synopsys/ccss/cur/linux/ccss/ccss_systemc
SELINUX_LEVEL_REQUESTED=
VCS_CC=gcc
CDS_Netlisting_Mode=Analog
LM_LICENSE_FILE=26585@lstc:1717@lstc:5280@lshc
SSL_CERT_DIR=/etc/pki/tls/certs
VCS_ARG_ADDED_FOR_TMP=1
SNPS_VCS_TMPDIR=/tmp/vcs_20240504164326_2392
CCSS_SIM_DIR=/home/raid7_2/userb10/b10163/SIM
HSP_GCC=/home/raid7_4/raid1_1/linux/synopsys/hspice/2022.06/hspice/GNU/linux64/gcc/bin/gcc -m64 
SHLVL=6
HOME=/home/raid7_2/userb10/b10163
OSTYPE=linux
FORMALITY=/usr/cad/synopsys/formality/cur
MGC_HOME=/usr/mentor/calibre/cur
SNPS_64=1
VCS_COM=/usr/cad/synopsys/vcs/2022.06/linux64/bin/vcs1
SNPS_PLATFORM=linux64
HSP_SIGMA_AMP=/home/raid7_4/raid1_1/linux/synopsys/hspice/2022.06/hspice/linux64/python/AVA/ava
MGC_TMPDIR=/tmp
VENDOR=unknown
MACHTYPE=x86_64
LOGNAME=b10163
QTLIB=/usr/lib64/qt-3.3/lib
SNPS_VCS_INTERNAL_ROOT_START_TIME=1714841006.434490282
NEOCKTHOME=/usr/cad/cadence/NEOCIRCUIT/cur/tools/NeoCircuit
SSH_CONNECTION=140.112.150.47 57101 140.112.20.76 22
LEDA_PATH=/usr/cad/synopsys/leda/cur
mraarch=linux_64
CCSS_DEBUGGER=ddd --gdb --debugger /usr/cad/synopsys/ccss/cur/linux/ccss/bin/gdbw --directory /usr/cad/synopsys/ccss/cur/linux/ccss/ccss_systemc/include/sysc/kernel --session ccss_dbg_ddd
CDS_LIC_FILE=/usr/cad/cadence/IC/cur/share/license/license.dat
VSCODE_IPC_HOOK_CLI=/run/user/1870/vscode-ipc-a2e95235-2a78-4f90-b925-e905bd929066.sock
SNPS_ARCH=linux
LESSOPEN=||/usr/bin/lesspipe.sh %s
ARCH=linux64
SHLIB_PATH=/usr/cad/synopsys/verdi/2022.06//etc/lib/libstdc++/LINUX64/:/usr/cad/synopsys/verdi/2022.06//share/PLI/lib/LINUX64/:/usr/cad/synopsys/verdi/2022.06//share/PLI/VCS/LINUX64/::/usr/spring_soft/verdi/cur/share/PLI/nc_xl/LINUX/xl_shared:/usr/spring_soft/verdi/cur/share/PLI/nc_xl/LINUX/nc_shared
BROWSER=/home/raid7_2/userb10/b10163/.vscode-server/cli/servers/Stable-b58957e67ee1e712cebf466b995adf4c5307b2bd/server/bin/helpers/browser.sh
sysc_uni_pwd=/home/raid7_2/userb10/b10163/ICD2024/ICD_HW4/03_APR
CDPL_HOME=/home/raid7_4/raid1_1/linux/synopsys/hspice/2022.06/hspice/cdpl
XDG_RUNTIME_DIR=/run/user/1870
VCS_ARCH=linux64
SYN_MAN_DIR=/usr/cad/synopsys/vcs/2022.06//doc/man
TOOL_HOME=/usr/cad/synopsys/vcs/2022.06/linux64
SNPS_SIMIF=/usr/cad/synopsys/nanosim/cur
SYNOPSYS_CCSS=/usr/cad/synopsys/ccss/cur/linux/ccss
ASSURAHOME=/usr/cad/cadence/ASSURA/cur
COLORTERM=truecolor
_=./simv
OLDPWD=/home/raid7_2/userb10/b10163/ICD2024/ICD_HW4/03_APR/simv.daidir/debug_dump/fsearch
VCS_PATHMAP_PRELOAD_DONE=1
VCS_EXEC_DONE=1
DVE=/usr/cad/synopsys/vcs/2022.06//gui/dve
SPECMAN_OUTPUT_TO_TTY=1
FLEXLM_BORROWFILE=/home/raid7_2/userb10/b10163/.cad33-borrow.txt
Runtime command line arguments:
argv[0]=simv
argv[1]=+neg_tchk
argv[2]=+maxdelays
argv[3]=+v2k
argv[4]=+define+p2+F1+APR
272 profile - 100
          CPU/Mem usage: 0.100 sys,  0.700 user,  273.49M mem
273 Elapsed time:    0:00:02    Sun May  5 00:44:12 2024
274 User CPU time used: 0 seconds
275 System CPU time used: 0 seconds
276 pliAppInit
277 [SC]Init: MemoryConsumed=0.00MB ElapsedTime=0hour 0min. 0sec.
278 FSDB_GATE is set.
279 FSDB_RTL is set.
280 FSDB_ALIAS_ARRAY_ELEM is set to 4294967295.
281 Enable Parallel Dumping.
282 pliAppMiscSet: New Sim Round
283 pliEntryInit
284 LIBSSCORE=found /usr/cad/synopsys/verdi/2022.06//share/PLI/lib/LINUXAMD64/libsscore_vcs202206.so through $NOVAS_HOME setting.
285 FSDB Dumper for VCS, Release Verdi_T-2022.06, Linux x86_64/64bit, 05/29/2022
286 (C) 1996 - 2022 by Synopsys, Inc.
287 sps_call_fsdbDumpfile_main at 0 : ./../00_TESTBED/tb_apr.v(132)
288 argv[0]: (IOTDF_F1_apr.fsdb)
289 *Verdi* FSDB WARNING: The FSDB file already exists. Overwriting the FSDB file may crash the programs that are using this file.
290 *Verdi* : Create FSDB file 'IOTDF_F1_apr.fsdb'
291 [spi_vcs_vd_ppi_create_root]: no upf option
292 compile option from '/home/raid7_2/userb10/b10163/ICD2024/ICD_HW4/03_APR/simv.daidir/vcs_rebuild'.
293   "vcs '-f' 'apr_03.f' '-full64' '-R' '+neg_tchk' '+maxdelays' '-debug_access+all' '+v2k' '+define+p2+F1+APR' 2>&1"
294 DVDI_is_vir_unload_enabled is enable
295 FSDB_VCS_ENABLE_NATIVE_VC is enable
296 sps_call_fsdbDumpvars_vd_main at 0 : ./../00_TESTBED/tb_apr.v(142)
297 *Verdi* : Begin traversing the scopes, layer (0).
298 *Verdi* : End of traversing.
299 pliAppHDL_DumpVarComplete traverse var: profile - 
          CPU/Mem usage: 0.140 sys,  0.850 user,  391.54M mem
                   incr: 0.010 sys,  0.080 user,  25.98M mem
                   accu: 0.010 sys,  0.080 user,  25.98M mem
              accu incr: 0.010 sys,  0.080 user,  25.98M mem

          Count usage: 2152 var,  2375 idcode,  2263 callback
                 incr: 2152 var,  2375 idcode,  2263 callback
                 accu: 2152 var,  2375 idcode,  2263 callback
            accu incr: 2152 var,  2375 idcode,  2263 callback
300 Elapsed time:    0:00:03    Sun May  5 00:44:13 2024
301 User CPU time used: 0 seconds
302 System CPU time used: 0 seconds
303 pliAppHDL_DumpVarComplete: profile - 
          CPU/Mem usage: 0.140 sys,  0.850 user,  392.59M mem
                   incr: 0.000 sys,  0.000 user,  1.05M mem
                   accu: 0.010 sys,  0.080 user,  27.03M mem
              accu incr: 0.000 sys,  0.000 user,  1.05M mem

          Count usage: 2152 var,  2375 idcode,  2263 callback
                 incr: 0 var,  0 idcode,  0 callback
                 accu: 2152 var,  2375 idcode,  2263 callback
            accu incr: 0 var,  0 idcode,  0 callback
304 Elapsed time:    0:00:03    Sun May  5 00:44:13 2024
305 User CPU time used: 0 seconds
306 System CPU time used: 0 seconds
307 sps_call_fsdbDumpMDA_vd_main at 0 : ./../00_TESTBED/tb_apr.v(143)
308 *Verdi* : Begin traversing the MDAs, layer (0).
309 *Verdi* : Enable +mda and +packedmda dumping.
310 *Verdi* : End of traversing the MDAs.
311 pliAppHDL_DumpVarComplete traverse var: profile - 
          CPU/Mem usage: 0.140 sys,  0.860 user,  392.74M mem
                   incr: 0.000 sys,  0.000 user,  0.14M mem
                   accu: 0.000 sys,  0.000 user,  0.14M mem
              accu incr: 0.000 sys,  0.000 user,  0.14M mem

          Count usage: 2332 var,  2555 idcode,  2266 callback
                 incr: 180 var,  180 idcode,  3 callback
                 accu: 180 var,  180 idcode,  3 callback
            accu incr: 180 var,  180 idcode,  3 callback
312 Elapsed time:    0:00:03    Sun May  5 00:44:13 2024
313 User CPU time used: 0 seconds
314 System CPU time used: 0 seconds
315 pliAppHDL_DumpVarComplete: profile - 
          CPU/Mem usage: 0.140 sys,  0.860 user,  392.74M mem
                   incr: 0.000 sys,  0.000 user,  0.00M mem
                   accu: 0.000 sys,  0.000 user,  0.14M mem
              accu incr: 0.000 sys,  0.000 user,  0.00M mem

          Count usage: 2332 var,  2555 idcode,  2266 callback
                 incr: 0 var,  0 idcode,  0 callback
                 accu: 180 var,  180 idcode,  3 callback
            accu incr: 0 var,  0 idcode,  0 callback
316 Elapsed time:    0:00:03    Sun May  5 00:44:13 2024
317 User CPU time used: 0 seconds
318 System CPU time used: 0 seconds
319 End of simulation at 10840000
320 Memory usage: 476.660 M
321 Maximum resident set size: 170 MB
322 Hard page faults: 0
323 Soft page faults: 31253
324 Elapsed time:    0:00:04    Sun May  5 00:44:14 2024
325 User CPU time used: 2 seconds
326 System CPU time used: 0 seconds
327 Begin FSDB profile info:
328 FSDB Writer : bc1(978521) bcn(211740) mtf/stf(0/0)
FSDB Writer elapsed time : flush(1.520184) io wait(0.000000) theadpool wait(0.000000)
FSDB Writer cpu time : MT Compression : 0
329 End FSDB profile info
330 FSDB closed. Name: IOTDF_F1_apr.fsdb Size: 3072571
331 Parallel profile     - ProducerThread:1 ConsumerThread:1 Buffer:64MB
332                      - BlockUsed:15 Acquire:2077690 BufferUsed:26915928
333                      - Flush:4 Expand:0 ProducerWait:0 ConsumerWait:13
334                      - MainProducerTime:2.681638184 TotalConsumerTime:0.288976431
335                      - ElapsedTime:3.930745000
336 Producer   0 profile - BlockUsed:15 Acquire:2077690 BufferUsed:26915928
337 Consumer   0 profile - Affinity:-1 CPUTime:0.288976431 LifeTime:1.059412912 (0.27%)
338                      - BlockUsed:15 Acquire:2077690 BufferUsed:26915928
339 SimExit
340 Elapsed time:    0:00:06    Sun May  5 00:44:16 2024
341 User CPU time used: 2 seconds
342 System CPU time used: 0 seconds
343 Sim process exit
